2019-01-06 21:24:55.434 [main] INFO  com.gt.LaysshApplicationTests - Starting LaysshApplicationTests on DESKTOP-7JDOQHI with PID 13560 (started by Administrator in D:\git\layssh4\layssh-4.0)
2019-01-06 21:24:55.434 [main] INFO  com.gt.LaysshApplicationTests - No active profile set, falling back to default profiles: default
2019-01-06 21:24:55.512 [main] INFO  o.s.w.context.support.GenericWebApplicationContext - Refreshing org.springframework.web.context.support.GenericWebApplicationContext@102cec62: startup date [Sun Jan 06 21:24:55 CST 2019]; root of context hierarchy
2019-01-06 21:24:56.387 [main] INFO  o.s.d.r.config.RepositoryConfigurationDelegate - Multiple Spring Data modules found, entering strict repository configuration mode!
2019-01-06 21:24:56.468 [main] INFO  o.s.d.r.config.RepositoryConfigurationDelegate - Multiple Spring Data modules found, entering strict repository configuration mode!
2019-01-06 21:24:56.499 [main] INFO  o.s.d.r.c.RepositoryConfigurationExtensionSupport - Spring Data Redis - Could not safely identify store assignment for repository candidate interface com.gt.app.dao.ITAppTestDao.
2019-01-06 21:24:56.499 [main] INFO  o.s.d.r.c.RepositoryConfigurationExtensionSupport - Spring Data Redis - Could not safely identify store assignment for repository candidate interface com.gt.sys.dao.ISysLogDao.
2019-01-06 21:24:56.968 [main] INFO  o.s.c.s.PostProcessorRegistrationDelegate$BeanPostProcessorChecker - Bean 'org.springframework.transaction.annotation.ProxyTransactionManagementConfiguration' of type [org.springframework.transaction.annotation.ProxyTransactionManagementConfiguration$$EnhancerBySpringCGLIB$$6734ec30] is not eligible for getting processed by all BeanPostProcessors (for example: not eligible for auto-proxying)
2019-01-06 21:24:57.327 [main] INFO  o.s.orm.jpa.LocalContainerEntityManagerFactoryBean - Building JPA container EntityManagerFactory for persistence unit 'default'
2019-01-06 21:24:57.405 [main] INFO  org.hibernate.Version - HHH000412: Hibernate Core {5.2.17.Final}
2019-01-06 21:24:57.408 [main] INFO  org.hibernate.cfg.Environment - HHH000206: hibernate.properties not found
2019-01-06 21:24:57.442 [main] INFO  org.hibernate.annotations.common.Version - HCANN000001: Hibernate Commons Annotations {5.0.1.Final}
2019-01-06 21:24:57.535 [main] INFO  com.zaxxer.hikari.HikariDataSource - HikariPool-1 - Starting...
2019-01-06 21:24:59.714 [main] INFO  org.hibernate.dialect.Dialect - HHH000400: Using dialect: org.hibernate.dialect.MySQL5Dialect
2019-01-06 21:24:59.729 [main] INFO  o.h.engine.jdbc.env.internal.LobCreatorBuilderImpl - HHH000422: Disabling contextual LOB creation as connection was null
2019-01-06 21:25:00.495 [main] INFO  o.s.orm.jpa.LocalContainerEntityManagerFactoryBean - Initialized JPA EntityManagerFactory for persistence unit 'default'
2019-01-06 21:25:01.510 [main] INFO  o.s.web.servlet.handler.SimpleUrlHandlerMapping - Mapped URL path [/**/favicon.ico] onto handler of type [class org.springframework.web.servlet.resource.ResourceHttpRequestHandler]
2019-01-06 21:25:01.740 [main] INFO  o.h.hql.internal.QueryTranslatorFactoryInitiator - HHH000397: Using ASTQueryTranslatorFactory
2019-01-06 21:25:01.927 [main] INFO  o.s.w.s.m.m.a.RequestMappingHandlerAdapter - Looking for @ControllerAdvice: org.springframework.web.context.support.GenericWebApplicationContext@102cec62: startup date [Sun Jan 06 21:24:55 CST 2019]; root of context hierarchy
2019-01-06 21:25:02.146 [main] INFO  o.s.w.s.m.m.a.RequestMappingHandlerMapping - Mapped "{[/student/add]}" onto public com.gt.pageModel.Json com.gt.app.controller.StudentController.add(com.gt.model.Student,javax.servlet.http.HttpServletRequest,javax.servlet.http.HttpSession)
2019-01-06 21:25:02.146 [main] INFO  o.s.w.s.m.m.a.RequestMappingHandlerMapping - Mapped "{[/student/remove]}" onto public com.gt.pageModel.Json com.gt.app.controller.StudentController.remove(com.gt.model.Student,javax.servlet.http.HttpServletRequest,javax.servlet.http.HttpSession)
2019-01-06 21:25:02.146 [main] INFO  o.s.w.s.m.m.a.RequestMappingHandlerMapping - Mapped "{[/student/getList]}" onto public java.util.List<com.gt.model.Student> com.gt.app.controller.StudentController.getList()
2019-01-06 21:25:02.146 [main] INFO  o.s.w.s.m.m.a.RequestMappingHandlerMapping - Mapped "{[/student/modify]}" onto public com.gt.pageModel.Json com.gt.app.controller.StudentController.modify(com.gt.model.Student,javax.servlet.http.HttpServletRequest,javax.servlet.http.HttpSession)
2019-01-06 21:25:02.146 [main] INFO  o.s.w.s.m.m.a.RequestMappingHandlerMapping - Mapped "{[/student/datagrid]}" onto public com.gt.pageModel.DatagridForLayUI com.gt.app.controller.StudentController.datagrid(com.gt.model.Student)
2019-01-06 21:25:02.161 [main] INFO  o.s.w.s.m.m.a.RequestMappingHandlerMapping - Mapped "{[/tAppTest/add]}" onto public com.gt.pageModel.Json com.gt.app.controller.TAppTestController.add(com.gt.model.TAppTest,javax.servlet.http.HttpServletRequest,javax.servlet.http.HttpSession)
2019-01-06 21:25:02.161 [main] INFO  o.s.w.s.m.m.a.RequestMappingHandlerMapping - Mapped "{[/tAppTest/remove]}" onto public com.gt.pageModel.Json com.gt.app.controller.TAppTestController.remove(com.gt.model.TAppTest,javax.servlet.http.HttpServletRequest,javax.servlet.http.HttpSession)
2019-01-06 21:25:02.161 [main] INFO  o.s.w.s.m.m.a.RequestMappingHandlerMapping - Mapped "{[/tAppTest/getList]}" onto public java.util.List<com.gt.model.TAppTest> com.gt.app.controller.TAppTestController.getList()
2019-01-06 21:25:02.161 [main] INFO  o.s.w.s.m.m.a.RequestMappingHandlerMapping - Mapped "{[/tAppTest/modify]}" onto public com.gt.pageModel.Json com.gt.app.controller.TAppTestController.modify(com.gt.model.TAppTest,javax.servlet.http.HttpServletRequest,javax.servlet.http.HttpSession)
2019-01-06 21:25:02.161 [main] INFO  o.s.w.s.m.m.a.RequestMappingHandlerMapping - Mapped "{[/tAppTest/datagrid]}" onto public com.gt.pageModel.DatagridForLayUI com.gt.app.controller.TAppTestController.datagrid(com.gt.model.TAppTest)
2019-01-06 21:25:02.161 [main] INFO  o.s.w.s.m.m.a.RequestMappingHandlerMapping - Mapped "{[/buttonCreate/checkAuth]}" onto public com.gt.pageModel.Json com.gt.sys.controller.ButtonCreateController.checkAuth(javax.servlet.http.HttpServletRequest,java.lang.String,javax.servlet.http.HttpSession)
2019-01-06 21:25:02.161 [main] INFO  o.s.w.s.m.m.a.RequestMappingHandlerMapping - Mapped "{[/codeGenerator/getClassName]}" onto public java.util.Map<java.lang.String, java.lang.Object> com.gt.sys.controller.CodeGeneratorController.getClassName(java.lang.String)
2019-01-06 21:25:02.161 [main] INFO  o.s.w.s.m.m.a.RequestMappingHandlerMapping - Mapped "{[/codeGenerator/getTablesList]}" onto public java.util.List<com.gt.pageModel.TemplateParams> com.gt.sys.controller.CodeGeneratorController.getTablesList()
2019-01-06 21:25:02.161 [main] INFO  o.s.w.s.m.m.a.RequestMappingHandlerMapping - Mapped "{[/codeGenerator/getFieldList]}" onto public java.util.List<com.gt.pageModel.TableFields> com.gt.sys.controller.CodeGeneratorController.getFieldList(com.gt.pageModel.TemplateParams)
2019-01-06 21:25:02.161 [main] INFO  o.s.w.s.m.m.a.RequestMappingHandlerMapping - Mapped "{[/codeGenerator/createCode]}" onto public com.gt.pageModel.Json com.gt.sys.controller.CodeGeneratorController.createCode(com.gt.pageModel.TemplateParams,javax.servlet.http.HttpSession,javax.servlet.http.HttpServletRequest)
2019-01-06 21:25:02.177 [main] INFO  o.s.w.s.m.m.a.RequestMappingHandlerMapping - Mapped "{[/dictCd/add]}" onto public com.gt.pageModel.Json com.gt.sys.controller.DictCdController.add(com.gt.pageModel.DictCd,javax.servlet.http.HttpServletRequest,javax.servlet.http.HttpSession)
2019-01-06 21:25:02.177 [main] INFO  o.s.w.s.m.m.a.RequestMappingHandlerMapping - Mapped "{[/dictCd/remove]}" onto public com.gt.pageModel.Json com.gt.sys.controller.DictCdController.remove(com.gt.pageModel.DictCd,javax.servlet.http.HttpServletRequest,javax.servlet.http.HttpSession)
2019-01-06 21:25:02.177 [main] INFO  o.s.w.s.m.m.a.RequestMappingHandlerMapping - Mapped "{[/dictCd/charFormat]}" onto public com.gt.pageModel.Json com.gt.sys.controller.DictCdController.charFormat(com.gt.pageModel.DictCd)
2019-01-06 21:25:02.177 [main] INFO  o.s.w.s.m.m.a.RequestMappingHandlerMapping - Mapped "{[/dictCd/getList]}" onto public java.util.List<com.gt.pageModel.DictCd> com.gt.sys.controller.DictCdController.getList(com.gt.pageModel.DictCd)
2019-01-06 21:25:02.177 [main] INFO  o.s.w.s.m.m.a.RequestMappingHandlerMapping - Mapped "{[/dictCd/modify]}" onto public com.gt.pageModel.Json com.gt.sys.controller.DictCdController.modify(com.gt.pageModel.DictCd,javax.servlet.http.HttpServletRequest,javax.servlet.http.HttpSession)
2019-01-06 21:25:02.177 [main] INFO  o.s.w.s.m.m.a.RequestMappingHandlerMapping - Mapped "{[/dictCd/datagrid]}" onto public com.gt.pageModel.DatagridForLayUI com.gt.sys.controller.DictCdController.datagrid(com.gt.pageModel.DictCd)
2019-01-06 21:25:02.177 [main] INFO  o.s.w.s.m.m.a.RequestMappingHandlerMapping - Mapped "{[/dictTp/add]}" onto public com.gt.pageModel.Json com.gt.sys.controller.DictTpController.add(com.gt.pageModel.DictTp,javax.servlet.http.HttpServletRequest,javax.servlet.http.HttpSession)
2019-01-06 21:25:02.177 [main] INFO  o.s.w.s.m.m.a.RequestMappingHandlerMapping - Mapped "{[/dictTp/remove]}" onto public com.gt.pageModel.Json com.gt.sys.controller.DictTpController.remove(com.gt.pageModel.DictTp,javax.servlet.http.HttpServletRequest,javax.servlet.http.HttpSession)
2019-01-06 21:25:02.177 [main] INFO  o.s.w.s.m.m.a.RequestMappingHandlerMapping - Mapped "{[/dictTp/getList]}" onto public java.util.List<com.gt.pageModel.DictTp> com.gt.sys.controller.DictTpController.getList()
2019-01-06 21:25:02.177 [main] INFO  o.s.w.s.m.m.a.RequestMappingHandlerMapping - Mapped "{[/dictTp/modify]}" onto public com.gt.pageModel.Json com.gt.sys.controller.DictTpController.modify(com.gt.pageModel.DictTp,javax.servlet.http.HttpServletRequest,javax.servlet.http.HttpSession)
2019-01-06 21:25:02.177 [main] INFO  o.s.w.s.m.m.a.RequestMappingHandlerMapping - Mapped "{[/dictTp/datagrid]}" onto public com.gt.pageModel.DatagridForLayUI com.gt.sys.controller.DictTpController.datagrid(com.gt.pageModel.DictTp)
2019-01-06 21:25:02.177 [main] INFO  o.s.w.s.m.m.a.RequestMappingHandlerMapping - Mapped "{[/exportExcel/download]}" onto public java.lang.String com.gt.sys.controller.ExportExcelController.download(java.lang.String,javax.servlet.http.HttpServletRequest,javax.servlet.http.HttpServletResponse) throws javax.servlet.ServletException,java.io.IOException
2019-01-06 21:25:02.177 [main] INFO  o.s.w.s.m.m.a.RequestMappingHandlerMapping - Mapped "{[/exportExcel/createExport]}" onto public com.gt.pageModel.Json com.gt.sys.controller.ExportExcelController.exportExcel(java.lang.String,java.lang.String,java.lang.String,java.lang.String) throws jxl.write.biff.RowsExceededException,jxl.write.WriteException,java.io.IOException
2019-01-06 21:25:02.177 [main] INFO  o.s.w.s.m.m.a.RequestMappingHandlerMapping - Mapped "{[/fileUpload/upload]}" onto public com.gt.pageModel.Json com.gt.sys.controller.FileUploadController.springUpload(javax.servlet.http.HttpServletRequest)
2019-01-06 21:25:02.177 [main] INFO  o.s.w.s.m.m.a.RequestMappingHandlerMapping - Mapped "{[/fileUpload/downloadFile]}" onto public com.gt.pageModel.Json com.gt.sys.controller.FileUploadController.downloadFile(java.lang.String,javax.servlet.http.HttpServletRequest,javax.servlet.http.HttpServletResponse)
2019-01-06 21:25:02.193 [main] INFO  o.s.w.s.m.m.a.RequestMappingHandlerMapping - Mapped "{[/insInf/add]}" onto public com.gt.pageModel.Json com.gt.sys.controller.InsInfController.add(com.gt.pageModel.InsInf,javax.servlet.http.HttpServletRequest,javax.servlet.http.HttpSession)
2019-01-06 21:25:02.193 [main] INFO  o.s.w.s.m.m.a.RequestMappingHandlerMapping - Mapped "{[/insInf/remove]}" onto public com.gt.pageModel.Json com.gt.sys.controller.InsInfController.remove(com.gt.pageModel.InsInf,javax.servlet.http.HttpServletRequest,javax.servlet.http.HttpSession)
2019-01-06 21:25:02.193 [main] INFO  o.s.w.s.m.m.a.RequestMappingHandlerMapping - Mapped "{[/insInf/getTree]}" onto public java.util.List<com.gt.pageModel.ZTree> com.gt.sys.controller.InsInfController.getTree(javax.servlet.http.HttpSession,java.lang.String)
2019-01-06 21:25:02.193 [main] INFO  o.s.w.s.m.m.a.RequestMappingHandlerMapping - Mapped "{[/insInf/getInsListForLayUI]}" onto public java.util.List<com.gt.pageModel.TreeForLayUI> com.gt.sys.controller.InsInfController.getInsListForLayUI(javax.servlet.http.HttpSession,java.lang.String)
2019-01-06 21:25:02.193 [main] INFO  o.s.w.s.m.m.a.RequestMappingHandlerMapping - Mapped "{[/insInf/getList]}" onto public java.util.List<com.gt.pageModel.InsInf> com.gt.sys.controller.InsInfController.getList()
2019-01-06 21:25:02.193 [main] INFO  o.s.w.s.m.m.a.RequestMappingHandlerMapping - Mapped "{[/insInf/modify]}" onto public com.gt.pageModel.Json com.gt.sys.controller.InsInfController.modify(com.gt.pageModel.InsInf,javax.servlet.http.HttpServletRequest,javax.servlet.http.HttpSession)
2019-01-06 21:25:02.193 [main] INFO  o.s.w.s.m.m.a.RequestMappingHandlerMapping - Mapped "{[/insInf/datagrid]}" onto public com.gt.pageModel.DatagridForLayUI com.gt.sys.controller.InsInfController.datagrid(com.gt.pageModel.InsInf,javax.servlet.http.HttpSession)
2019-01-06 21:25:02.193 [main] INFO  o.s.w.s.m.m.a.RequestMappingHandlerMapping - Mapped "{[/menuInf/add]}" onto public com.gt.pageModel.Json com.gt.sys.controller.MenuInfController.add(com.gt.pageModel.MenuInf,javax.servlet.http.HttpServletRequest,javax.servlet.http.HttpSession)
2019-01-06 21:25:02.193 [main] INFO  o.s.w.s.m.m.a.RequestMappingHandlerMapping - Mapped "{[/menuInf/remove]}" onto public com.gt.pageModel.Json com.gt.sys.controller.MenuInfController.remove(com.gt.pageModel.MenuInf,javax.servlet.http.HttpServletRequest,javax.servlet.http.HttpSession)
2019-01-06 21:25:02.193 [main] INFO  o.s.w.s.m.m.a.RequestMappingHandlerMapping - Mapped "{[/menuInf/getTree]}" onto public java.util.List<com.gt.pageModel.MenuInf> com.gt.sys.controller.MenuInfController.getTree(com.gt.pageModel.MenuInf)
2019-01-06 21:25:02.193 [main] INFO  o.s.w.s.m.m.a.RequestMappingHandlerMapping - Mapped "{[/menuInf/getMenuUrlNotNullList]}" onto public java.util.List<com.gt.pageModel.MenuInf> com.gt.sys.controller.MenuInfController.getMenuUrlNotNullList()
2019-01-06 21:25:02.193 [main] INFO  o.s.w.s.m.m.a.RequestMappingHandlerMapping - Mapped "{[/menuInf/getTreeByRole]}" onto public java.util.List<com.gt.pageModel.MenuForLayUI> com.gt.sys.controller.MenuInfController.getTreeByRole(javax.servlet.http.HttpSession)
2019-01-06 21:25:02.193 [main] INFO  o.s.w.s.m.m.a.RequestMappingHandlerMapping - Mapped "{[/menuInf/getAllLayUItree]}" onto public java.util.List<com.gt.pageModel.TreeForLayUI> com.gt.sys.controller.MenuInfController.getAllLayUItree()
2019-01-06 21:25:02.193 [main] INFO  o.s.w.s.m.m.a.RequestMappingHandlerMapping - Mapped "{[/menuInf/getAllTree]}" onto public java.util.List<com.gt.pageModel.MenuInf> com.gt.sys.controller.MenuInfController.getAllTree()
2019-01-06 21:25:02.193 [main] INFO  o.s.w.s.m.m.a.RequestMappingHandlerMapping - Mapped "{[/menuInf/getIconsList]}" onto public java.util.List<com.gt.pageModel.MenuInf> com.gt.sys.controller.MenuInfController.getIconsList(javax.servlet.http.HttpServletRequest)
2019-01-06 21:25:02.193 [main] INFO  o.s.w.s.m.m.a.RequestMappingHandlerMapping - Mapped "{[/menuInf/getZTree]}" onto public java.util.List<com.gt.pageModel.ZTree> com.gt.sys.controller.MenuInfController.getZTree()
2019-01-06 21:25:02.193 [main] INFO  o.s.w.s.m.m.a.RequestMappingHandlerMapping - Mapped "{[/menuInf/getMenuList]}" onto public java.util.List<com.gt.pageModel.MenuInf> com.gt.sys.controller.MenuInfController.getMenuList()
2019-01-06 21:25:02.193 [main] INFO  o.s.w.s.m.m.a.RequestMappingHandlerMapping - Mapped "{[/menuInf/getLayUItree]}" onto public java.util.List<com.gt.pageModel.TreeForLayUI> com.gt.sys.controller.MenuInfController.getLayUItree()
2019-01-06 21:25:02.193 [main] INFO  o.s.w.s.m.m.a.RequestMappingHandlerMapping - Mapped "{[/menuInf/modify]}" onto public com.gt.pageModel.Json com.gt.sys.controller.MenuInfController.modify(com.gt.pageModel.MenuInf,javax.servlet.http.HttpServletRequest,javax.servlet.http.HttpSession)
2019-01-06 21:25:02.193 [main] INFO  o.s.w.s.m.m.a.RequestMappingHandlerMapping - Mapped "{[/menuInf/datagrid]}" onto public com.gt.pageModel.DatagridForLayUI com.gt.sys.controller.MenuInfController.datagrid(com.gt.pageModel.MenuInf) throws java.lang.InterruptedException
2019-01-06 21:25:02.193 [main] INFO  o.s.w.s.m.m.a.RequestMappingHandlerMapping - Mapped "{[/menuInf/getTreeByRoleByNoSys]}" onto public java.util.List<com.gt.pageModel.MenuInf> com.gt.sys.controller.MenuInfController.getTreeByRoleByNoSys(javax.servlet.http.HttpSession)
2019-01-06 21:25:02.193 [main] INFO  o.s.w.s.m.m.a.RequestMappingHandlerMapping - Mapped "{[/noInterceptor/add]}" onto public com.gt.pageModel.Json com.gt.sys.controller.NoInterceptorController.add(com.gt.pageModel.NoInterceptor,javax.servlet.http.HttpServletRequest,javax.servlet.http.HttpSession)
2019-01-06 21:25:02.193 [main] INFO  o.s.w.s.m.m.a.RequestMappingHandlerMapping - Mapped "{[/noInterceptor/remove]}" onto public com.gt.pageModel.Json com.gt.sys.controller.NoInterceptorController.remove(com.gt.pageModel.NoInterceptor,javax.servlet.http.HttpServletRequest,javax.servlet.http.HttpSession)
2019-01-06 21:25:02.193 [main] INFO  o.s.w.s.m.m.a.RequestMappingHandlerMapping - Mapped "{[/noInterceptor/getList]}" onto public java.util.List<com.gt.pageModel.NoInterceptor> com.gt.sys.controller.NoInterceptorController.getList()
2019-01-06 21:25:02.193 [main] INFO  o.s.w.s.m.m.a.RequestMappingHandlerMapping - Mapped "{[/noInterceptor/modify]}" onto public com.gt.pageModel.Json com.gt.sys.controller.NoInterceptorController.modify(com.gt.pageModel.NoInterceptor,javax.servlet.http.HttpServletRequest,javax.servlet.http.HttpSession)
2019-01-06 21:25:02.193 [main] INFO  o.s.w.s.m.m.a.RequestMappingHandlerMapping - Mapped "{[/noInterceptor/datagrid]}" onto public com.gt.pageModel.DatagridForLayUI com.gt.sys.controller.NoInterceptorController.datagrid(com.gt.pageModel.NoInterceptor)
2019-01-06 21:25:02.193 [main] INFO  o.s.w.s.m.m.a.RequestMappingHandlerMapping - Mapped "{[/operInf/add]}" onto public com.gt.pageModel.Json com.gt.sys.controller.OperInfController.add(com.gt.pageModel.OperInf,javax.servlet.http.HttpServletRequest,javax.servlet.http.HttpSession)
2019-01-06 21:25:02.193 [main] INFO  o.s.w.s.m.m.a.RequestMappingHandlerMapping - Mapped "{[/operInf/remove]}" onto public com.gt.pageModel.Json com.gt.sys.controller.OperInfController.remove(com.gt.pageModel.OperInf,javax.servlet.http.HttpServletRequest,javax.servlet.http.HttpSession)
2019-01-06 21:25:02.193 [main] INFO  o.s.w.s.m.m.a.RequestMappingHandlerMapping - Mapped "{[/operInf/execute]}" onto public com.gt.pageModel.Json com.gt.sys.controller.OperInfController.execute(com.gt.pageModel.OperInf,javax.servlet.http.HttpServletRequest,javax.servlet.http.HttpServletResponse,javax.servlet.http.HttpSession)
2019-01-06 21:25:02.193 [main] INFO  o.s.w.s.m.m.a.RequestMappingHandlerMapping - Mapped "{[/operInf/logout]}" onto public java.lang.String com.gt.sys.controller.OperInfController.logout(javax.servlet.http.HttpSession,javax.servlet.http.HttpServletRequest,javax.servlet.http.HttpServletResponse)
2019-01-06 21:25:02.193 [main] INFO  o.s.w.s.m.m.a.RequestMappingHandlerMapping - Mapped "{[/operInf/login]}" onto public java.lang.String com.gt.sys.controller.OperInfController.login()
2019-01-06 21:25:02.193 [main] INFO  o.s.w.s.m.m.a.RequestMappingHandlerMapping - Mapped "{[/operInf/getRoles]}" onto public java.util.List<com.gt.pageModel.RoleInf> com.gt.sys.controller.OperInfController.getRoles(javax.servlet.http.HttpSession)
2019-01-06 21:25:02.208 [main] INFO  o.s.w.s.m.m.a.RequestMappingHandlerMapping - Mapped "{[/operInf/goPage]}" onto public java.lang.String com.gt.sys.controller.OperInfController.goPage(java.lang.String)
2019-01-06 21:25:02.208 [main] INFO  o.s.w.s.m.m.a.RequestMappingHandlerMapping - Mapped "{[/operInf/changepwd]}" onto public com.gt.pageModel.Json com.gt.sys.controller.OperInfController.changepwd(com.gt.pageModel.OperInf,javax.servlet.http.HttpServletRequest,javax.servlet.http.HttpSession)
2019-01-06 21:25:02.208 [main] INFO  o.s.w.s.m.m.a.RequestMappingHandlerMapping - Mapped "{[/operInf/redoPwd]}" onto public com.gt.pageModel.Json com.gt.sys.controller.OperInfController.redoPwd(com.gt.pageModel.OperInf,javax.servlet.http.HttpServletRequest,javax.servlet.http.HttpSession)
2019-01-06 21:25:02.208 [main] INFO  o.s.w.s.m.m.a.RequestMappingHandlerMapping - Mapped "{[/operInf/modify]}" onto public com.gt.pageModel.Json com.gt.sys.controller.OperInfController.modify(com.gt.pageModel.OperInf,javax.servlet.http.HttpServletRequest,javax.servlet.http.HttpSession)
2019-01-06 21:25:02.208 [main] INFO  o.s.w.s.m.m.a.RequestMappingHandlerMapping - Mapped "{[/operInf/datagrid]}" onto public com.gt.pageModel.DatagridForLayUI com.gt.sys.controller.OperInfController.datagrid(com.gt.pageModel.OperInf,javax.servlet.http.HttpSession)
2019-01-06 21:25:02.208 [main] INFO  o.s.w.s.m.m.a.RequestMappingHandlerMapping - Mapped "{[/quarz/add]}" onto public com.gt.pageModel.Json com.gt.sys.controller.QuarzController.add(com.gt.model.Quarz,javax.servlet.http.HttpServletRequest,javax.servlet.http.HttpSession)
2019-01-06 21:25:02.224 [main] INFO  o.s.w.s.m.m.a.RequestMappingHandlerMapping - Mapped "{[/quarz/remove]}" onto public com.gt.pageModel.Json com.gt.sys.controller.QuarzController.remove(com.gt.model.Quarz,javax.servlet.http.HttpServletRequest,javax.servlet.http.HttpSession)
2019-01-06 21:25:02.224 [main] INFO  o.s.w.s.m.m.a.RequestMappingHandlerMapping - Mapped "{[/quarz/getList]}" onto public java.util.List<com.gt.model.Quarz> com.gt.sys.controller.QuarzController.getList()
2019-01-06 21:25:02.224 [main] INFO  o.s.w.s.m.m.a.RequestMappingHandlerMapping - Mapped "{[/quarz/modify]}" onto public com.gt.pageModel.Json com.gt.sys.controller.QuarzController.modify(com.gt.model.Quarz,javax.servlet.http.HttpServletRequest,javax.servlet.http.HttpSession)
2019-01-06 21:25:02.224 [main] INFO  o.s.w.s.m.m.a.RequestMappingHandlerMapping - Mapped "{[/quarz/datagrid]}" onto public com.gt.pageModel.DatagridForLayUI com.gt.sys.controller.QuarzController.datagrid(com.gt.model.Quarz)
2019-01-06 21:25:02.224 [main] INFO  o.s.w.s.m.m.a.RequestMappingHandlerMapping - Mapped "{[/roleFunction/add]}" onto public com.gt.pageModel.Json com.gt.sys.controller.RoleFunctionController.add(com.gt.pageModel.RoleFunction,javax.servlet.http.HttpServletRequest,javax.servlet.http.HttpSession)
2019-01-06 21:25:02.333 [main] INFO  o.s.w.s.m.m.a.RequestMappingHandlerMapping - Mapped "{[/roleInf/add]}" onto public com.gt.pageModel.Json com.gt.sys.controller.RoleInfController.add(com.gt.pageModel.RoleInf,javax.servlet.http.HttpServletRequest,javax.servlet.http.HttpSession)
2019-01-06 21:25:02.333 [main] INFO  o.s.w.s.m.m.a.RequestMappingHandlerMapping - Mapped "{[/roleInf/remove]}" onto public com.gt.pageModel.Json com.gt.sys.controller.RoleInfController.remove(com.gt.pageModel.RoleInf,javax.servlet.http.HttpServletRequest,javax.servlet.http.HttpSession)
2019-01-06 21:25:02.333 [main] INFO  o.s.w.s.m.m.a.RequestMappingHandlerMapping - Mapped "{[/roleInf/getAllTree]}" onto public java.util.List<com.gt.pageModel.ZTree> com.gt.sys.controller.RoleInfController.getAllTree(javax.servlet.http.HttpSession)
2019-01-06 21:25:02.333 [main] INFO  o.s.w.s.m.m.a.RequestMappingHandlerMapping - Mapped "{[/roleInf/getRoleSelected]}" onto public java.util.Map<java.lang.String, java.lang.Object> com.gt.sys.controller.RoleInfController.getRoleSelected(com.gt.pageModel.RoleInf)
2019-01-06 21:25:02.349 [main] INFO  o.s.w.s.m.m.a.RequestMappingHandlerMapping - Mapped "{[/roleInf/getList]}" onto public java.util.List<com.gt.pageModel.RoleInf> com.gt.sys.controller.RoleInfController.getList(javax.servlet.http.HttpSession)
2019-01-06 21:25:02.349 [main] INFO  o.s.w.s.m.m.a.RequestMappingHandlerMapping - Mapped "{[/roleInf/modify]}" onto public com.gt.pageModel.Json com.gt.sys.controller.RoleInfController.modify(com.gt.pageModel.RoleInf,javax.servlet.http.HttpServletRequest,javax.servlet.http.HttpSession)
2019-01-06 21:25:02.349 [main] INFO  o.s.w.s.m.m.a.RequestMappingHandlerMapping - Mapped "{[/roleInf/datagrid]}" onto public com.gt.pageModel.DatagridForLayUI com.gt.sys.controller.RoleInfController.datagrid(com.gt.pageModel.RoleInf,javax.servlet.http.HttpSession)
2019-01-06 21:25:02.349 [main] INFO  o.s.w.s.m.m.a.RequestMappingHandlerMapping - Mapped "{[/sysFunctionInf/add]}" onto public com.gt.pageModel.Json com.gt.sys.controller.SysFunctionInfController.add(com.gt.pageModel.SysFunctionInf,javax.servlet.http.HttpSession,javax.servlet.http.HttpServletRequest)
2019-01-06 21:25:02.349 [main] INFO  o.s.w.s.m.m.a.RequestMappingHandlerMapping - Mapped "{[/sysFunctionInf/remove]}" onto public com.gt.pageModel.Json com.gt.sys.controller.SysFunctionInfController.remove(com.gt.pageModel.SysFunctionInf,javax.servlet.http.HttpSession,javax.servlet.http.HttpServletRequest)
2019-01-06 21:25:02.349 [main] INFO  o.s.w.s.m.m.a.RequestMappingHandlerMapping - Mapped "{[/sysFunctionInf/modify]}" onto public com.gt.pageModel.Json com.gt.sys.controller.SysFunctionInfController.modify(com.gt.pageModel.SysFunctionInf,javax.servlet.http.HttpServletRequest,javax.servlet.http.HttpSession)
2019-01-06 21:25:02.349 [main] INFO  o.s.w.s.m.m.a.RequestMappingHandlerMapping - Mapped "{[/sysFunctionInf/datagrid]}" onto public com.gt.pageModel.DatagridForLayUI com.gt.sys.controller.SysFunctionInfController.datagrid(com.gt.pageModel.SysFunctionInf)
2019-01-06 21:25:02.349 [main] INFO  o.s.w.s.m.m.a.RequestMappingHandlerMapping - Mapped "{[/sysLog/datagrid]}" onto public com.gt.pageModel.DatagridForLayUI com.gt.sys.controller.SysLogController.datagrid(com.gt.pageModel.SysLog,javax.servlet.http.HttpServletRequest)
2019-01-06 21:25:02.349 [main] INFO  o.s.w.s.m.m.a.RequestMappingHandlerMapping - Mapped "{[/error]}" onto public org.springframework.http.ResponseEntity<java.util.Map<java.lang.String, java.lang.Object>> org.springframework.boot.autoconfigure.web.servlet.error.BasicErrorController.error(javax.servlet.http.HttpServletRequest)
2019-01-06 21:25:02.349 [main] INFO  o.s.w.s.m.m.a.RequestMappingHandlerMapping - Mapped "{[/error],produces=[text/html]}" onto public org.springframework.web.servlet.ModelAndView org.springframework.boot.autoconfigure.web.servlet.error.BasicErrorController.errorHtml(javax.servlet.http.HttpServletRequest,javax.servlet.http.HttpServletResponse)
2019-01-06 21:25:02.411 [main] INFO  o.s.web.servlet.handler.SimpleUrlHandlerMapping - Mapped URL path [/webjars/**] onto handler of type [class org.springframework.web.servlet.resource.ResourceHttpRequestHandler]
2019-01-06 21:25:02.411 [main] INFO  o.s.web.servlet.handler.SimpleUrlHandlerMapping - Mapped URL path [/**] onto handler of type [class org.springframework.web.servlet.resource.ResourceHttpRequestHandler]
2019-01-06 21:25:02.411 [main] INFO  o.s.web.servlet.handler.SimpleUrlHandlerMapping - Mapped URL path [/css] onto handler of type [class org.springframework.web.servlet.resource.ResourceHttpRequestHandler]
2019-01-06 21:25:02.411 [main] INFO  o.s.web.servlet.handler.SimpleUrlHandlerMapping - Mapped URL path [/plugins] onto handler of type [class org.springframework.web.servlet.resource.ResourceHttpRequestHandler]
2019-01-06 21:25:02.411 [main] INFO  o.s.web.servlet.handler.SimpleUrlHandlerMapping - Mapped URL path [/js] onto handler of type [class org.springframework.web.servlet.resource.ResourceHttpRequestHandler]
2019-01-06 21:25:03.005 [main] INFO  o.s.ui.freemarker.SpringTemplateLoader - SpringTemplateLoader for FreeMarker: using resource loader [org.springframework.web.context.support.GenericWebApplicationContext@102cec62: startup date [Sun Jan 06 21:24:55 CST 2019]; root of context hierarchy] and template loader path [classpath:/templates/]
2019-01-06 21:25:03.008 [main] INFO  o.s.w.servlet.view.freemarker.FreeMarkerConfigurer - ClassTemplateLoader for Spring macros added to FreeMarker configuration
2019-01-06 21:25:03.087 [main] INFO  com.zaxxer.hikari.HikariDataSource - HikariPool-1 - Starting...
2019-01-06 21:25:05.230 [main] INFO  org.quartz.impl.StdSchedulerFactory - Using default implementation for ThreadExecutor
2019-01-06 21:25:05.245 [main] INFO  org.quartz.core.SchedulerSignalerImpl - Initialized Scheduler Signaller of type: class org.quartz.core.SchedulerSignalerImpl
2019-01-06 21:25:05.245 [main] INFO  org.quartz.core.QuartzScheduler - Quartz Scheduler v.2.2.1 created.
2019-01-06 21:25:05.245 [main] INFO  org.quartz.simpl.RAMJobStore - RAMJobStore initialized.
2019-01-06 21:25:05.245 [main] INFO  org.quartz.core.QuartzScheduler - Scheduler meta-data: Quartz Scheduler (v2.2.1) 'quartzScheduler' with instanceId 'NON_CLUSTERED'
  Scheduler class: 'org.quartz.core.QuartzScheduler' - running locally.
  NOT STARTED.
  Currently in standby mode.
  Number of jobs executed: 0
  Using thread pool 'org.quartz.simpl.SimpleThreadPool' - with 10 threads.
  Using job-store 'org.quartz.simpl.RAMJobStore' - which does not support persistence. and is not clustered.

2019-01-06 21:25:05.245 [main] INFO  org.quartz.impl.StdSchedulerFactory - Quartz scheduler 'quartzScheduler' initialized from an externally provided properties instance.
2019-01-06 21:25:05.245 [main] INFO  org.quartz.impl.StdSchedulerFactory - Quartz scheduler version: 2.2.1
2019-01-06 21:25:05.245 [main] INFO  org.quartz.core.QuartzScheduler - JobFactory set to: org.springframework.boot.autoconfigure.quartz.AutowireCapableBeanJobFactory@23d978b
2019-01-06 21:25:05.339 [main] INFO  o.s.context.support.DefaultLifecycleProcessor - Starting beans in phase 2147483647
2019-01-06 21:25:05.339 [main] INFO  o.s.scheduling.quartz.SchedulerFactoryBean - Starting Quartz Scheduler now
2019-01-06 21:25:05.339 [main] INFO  org.quartz.core.QuartzScheduler - Scheduler quartzScheduler_$_NON_CLUSTERED started.
2019-01-06 21:25:05.355 [main] INFO  com.gt.LaysshApplicationTests - Started LaysshApplicationTests in 10.345 seconds (JVM running for 11.247)
2019-01-06 21:25:05.433 [main] INFO  com.gt.LaysshApplication - info
2019-01-06 21:25:05.480 [Thread-4] INFO  o.s.w.context.support.GenericWebApplicationContext - Closing org.springframework.web.context.support.GenericWebApplicationContext@102cec62: startup date [Sun Jan 06 21:24:55 CST 2019]; root of context hierarchy
2019-01-06 21:25:05.480 [Thread-4] INFO  o.s.context.support.DefaultLifecycleProcessor - Stopping beans in phase 2147483647
2019-01-06 21:25:05.480 [Thread-4] INFO  org.quartz.core.QuartzScheduler - Scheduler quartzScheduler_$_NON_CLUSTERED paused.
2019-01-06 21:25:05.480 [Thread-4] INFO  o.s.scheduling.quartz.SchedulerFactoryBean - Shutting down Quartz Scheduler
2019-01-06 21:25:05.480 [Thread-4] INFO  org.quartz.core.QuartzScheduler - Scheduler quartzScheduler_$_NON_CLUSTERED shutting down.
2019-01-06 21:25:05.480 [Thread-4] INFO  org.quartz.core.QuartzScheduler - Scheduler quartzScheduler_$_NON_CLUSTERED paused.
2019-01-06 21:25:05.480 [Thread-4] INFO  org.quartz.core.QuartzScheduler - Scheduler quartzScheduler_$_NON_CLUSTERED shutdown complete.
2019-01-06 21:25:05.495 [Thread-4] INFO  o.s.orm.jpa.LocalContainerEntityManagerFactoryBean - Closing JPA EntityManagerFactory for persistence unit 'default'
